# JRE version: OpenJDK Runtime Environment (21.0.10) (build 21.0.10+-14961533-b1163.108)
# Java VM: OpenJDK 64-Bit Server VM (21.0.10+-14961533-b1163.108, mixed mode, tiered, compressed oops, compressed class ptrs, g1 gc, windows-amd64)
GC Precious Log:
 CardTable entry size: 512
 Card Set container configuration: InlinePtr #cards 5 size 8 Array Of Cards #cards 12 size 40 Howl #buckets 4 coarsen threshold 1843 Howl Bitmap #cards 512 size 80 coarsen threshold 460 Card regions per heap region 1 cards per card region 2048
 CPUs: 12 total, 12 available
 Memory: 16158M
 Large Page Support: Disabled
 NUMA Support: Disabled
 Compressed Oops: Enabled (32-bit)
 Heap Region Size: 1M
 Heap Min Capacity: 8M
 Heap Initial Capacity: 254M
 Heap Max Capacity: 2G
 Pre-touch: Disabled
 Parallel Workers: 10
 Concurrent Workers: 3
 Concurrent Refinement Workers: 10
 Periodic GC: Disabled
Heap:
 garbage-first heap   total 143360K, used 93596K [0x0000000080000000, 0x0000000100000000)
  region size 1024K, 2 young (2048K), 1 survivors (1024K)
 Metaspace       used 103632K, committed 105792K, reserved 557056K
  class space    used 14838K, committed 15872K, reserved 425984K
GC Heap History (20 events):
Event: 35.032 GC heap before
{Heap before GC invocations=28 (full 0):
 garbage-first heap   total 104448K, used 95358K [0x0000000080000000, 0x0000000100000000)
  region size 1024K, 35 young (35840K), 5 survivors (5120K)
 Metaspace       used 86457K, committed 88384K, reserved 557056K
  class space    used 12285K, committed 13248K, reserved 425984K
}
Event: 35.040 GC heap after
{Heap after GC invocations=29 (full 0):
 garbage-first heap   total 128000K, used 66974K [0x0000000080000000, 0x0000000100000000)
  region size 1024K, 5 young (5120K), 5 survivors (5120K)
 Metaspace       used 86457K, committed 88384K, reserved 557056K
  class space    used 12285K, committed 13248K, reserved 425984K
}
Event: 38.798 GC heap before
{Heap before GC invocations=29 (full 0):
 garbage-first heap   total 128000K, used 114078K [0x0000000080000000, 0x0000000100000000)
  region size 1024K, 51 young (52224K), 5 survivors (5120K)
 Metaspace       used 87343K, committed 89344K, reserved 557056K
  class space    used 12344K, committed 13312K, reserved 425984K
}
Event: 38.811 GC heap after
{Heap after GC invocations=30 (full 0):
 garbage-first heap   total 128000K, used 70866K [0x0000000080000000, 0x0000000100000000)
  region size 1024K, 6 young (6144K), 6 survivors (6144K)
 Metaspace       used 87343K, committed 89344K, reserved 557056K
  class space    used 12344K, committed 13312K, reserved 425984K
}
Event: 40.352 GC heap before
{Heap before GC invocations=30 (full 0):
 garbage-first heap   total 128000K, used 113874K [0x0000000080000000, 0x0000000100000000)
  region size 1024K, 48 young (49152K), 6 survivors (6144K)
 Metaspace       used 90603K, committed 92608K, reserved 557056K
  class space    used 12788K, committed 13760K, reserved 425984K
}
Event: 40.366 GC heap after
{Heap after GC invocations=31 (full 0):
 garbage-first heap   total 128000K, used 72828K [0x0000000080000000, 0x0000000100000000)
  region size 1024K, 4 young (4096K), 4 survivors (4096K)
 Metaspace       used 90603K, committed 92608K, reserved 557056K
  class space    used 12788K, committed 13760K, reserved 425984K
}
Event: 41.339 GC heap before
{Heap before GC invocations=31 (full 0):
 garbage-first heap   total 128000K, used 113788K [0x0000000080000000, 0x0000000100000000)
  region size 1024K, 45 young (46080K), 4 survivors (4096K)
 Metaspace       used 92955K, committed 95040K, reserved 557056K
  class space    used 13121K, committed 14144K, reserved 425984K
}
Event: 41.345 GC heap after
{Heap after GC invocations=32 (full 0):
 garbage-first heap   total 128000K, used 74760K [0x0000000080000000, 0x0000000100000000)
  region size 1024K, 6 young (6144K), 6 survivors (6144K)
 Metaspace       used 92955K, committed 95040K, reserved 557056K
  class space    used 13121K, committed 14144K, reserved 425984K
}
Event: 42.186 GC heap before
{Heap before GC invocations=33 (full 0):
 garbage-first heap   total 128000K, used 113672K [0x0000000080000000, 0x0000000100000000)
  region size 1024K, 45 young (46080K), 6 survivors (6144K)
 Metaspace       used 93833K, committed 95872K, reserved 557056K
  class space    used 13235K, committed 14272K, reserved 425984K
}
Event: 42.195 GC heap after
{Heap after GC invocations=34 (full 0):
 garbage-first heap   total 128000K, used 77997K [0x0000000080000000, 0x0000000100000000)
  region size 1024K, 6 young (6144K), 6 survivors (6144K)
 Metaspace       used 93833K, committed 95872K, reserved 557056K
  class space    used 13235K, committed 14272K, reserved 425984K
}
Event: 43.246 GC heap before
{Heap before GC invocations=34 (full 0):
 garbage-first heap   total 128000K, used 114861K [0x0000000080000000, 0x0000000100000000)
  region size 1024K, 42 young (43008K), 6 survivors (6144K)
 Metaspace       used 95954K, committed 97984K, reserved 557056K
  class space    used 13600K, committed 14592K, reserved 425984K
}
Event: 43.254 GC heap after
{Heap after GC invocations=35 (full 0):
 garbage-first heap   total 128000K, used 79182K [0x0000000080000000, 0x0000000100000000)
  region size 1024K, 5 young (5120K), 5 survivors (5120K)
 Metaspace       used 95954K, committed 97984K, reserved 557056K
  class space    used 13600K, committed 14592K, reserved 425984K
}
Event: 45.581 GC heap before
{Heap before GC invocations=35 (full 0):
 garbage-first heap   total 128000K, used 113998K [0x0000000080000000, 0x0000000100000000)
  region size 1024K, 40 young (40960K), 5 survivors (5120K)
 Metaspace       used 98182K, committed 100288K, reserved 557056K
  class space    used 14016K, committed 15040K, reserved 425984K
}
Event: 45.594 GC heap after
{Heap after GC invocations=36 (full 0):
 garbage-first heap   total 128000K, used 85853K [0x0000000080000000, 0x0000000100000000)
  region size 1024K, 5 young (5120K), 5 survivors (5120K)
 Metaspace       used 98182K, committed 100288K, reserved 557056K
  class space    used 14016K, committed 15040K, reserved 425984K
}
Event: 46.672 GC heap before
{Heap before GC invocations=37 (full 0):
 garbage-first heap   total 143360K, used 113501K [0x0000000080000000, 0x0000000100000000)
  region size 1024K, 33 young (33792K), 5 survivors (5120K)
 Metaspace       used 100166K, committed 102336K, reserved 557056K
  class space    used 14327K, committed 15360K, reserved 425984K
}
Event: 46.686 GC heap after
{Heap after GC invocations=38 (full 0):
 garbage-first heap   total 143360K, used 90969K [0x0000000080000000, 0x0000000100000000)
  region size 1024K, 5 young (5120K), 5 survivors (5120K)
 Metaspace       used 100166K, committed 102336K, reserved 557056K
  class space    used 14327K, committed 15360K, reserved 425984K
}
Event: 74.270 GC heap before
{Heap before GC invocations=38 (full 0):
 garbage-first heap   total 143360K, used 126809K [0x0000000080000000, 0x0000000100000000)
  region size 1024K, 41 young (41984K), 5 survivors (5120K)
 Metaspace       used 103584K, committed 105792K, reserved 557056K
  class space    used 14832K, committed 15872K, reserved 425984K
}
Event: 75.254 GC heap after
{Heap after GC invocations=39 (full 0):
 garbage-first heap   total 143360K, used 92763K [0x0000000080000000, 0x0000000100000000)
  region size 1024K, 5 young (5120K), 5 survivors (5120K)
 Metaspace       used 103584K, committed 105792K, reserved 557056K
  class space    used 14832K, committed 15872K, reserved 425984K
}
Event: 76.318 GC heap before
{Heap before GC invocations=39 (full 0):
 garbage-first heap   total 143360K, used 94811K [0x0000000080000000, 0x0000000100000000)
  region size 1024K, 7 young (7168K), 5 survivors (5120K)
 Metaspace       used 103615K, committed 105792K, reserved 557056K
  class space    used 14837K, committed 15872K, reserved 425984K
}
Event: 78.349 GC heap after
{Heap after GC invocations=40 (full 0):
 garbage-first heap   total 143360K, used 93596K [0x0000000080000000, 0x0000000100000000)
  region size 1024K, 1 young (1024K), 1 survivors (1024K)
 Metaspace       used 103615K, committed 105792K, reserved 557056K
  class space    used 14837K, committed 15872K, reserved 425984K
}

